app/build/intermediates/manifest_merge_blame_file/debug/manifest-merger-blame-debug-report.txt
1<?xml version="1.0" encoding="utf-8"?>
2<manifest xmlns:android="http://schemas.android.com/apk/res/android"
3    package="com.npdevs.healthcastle"
4    android:versionCode="1"
5    android:versionName="1.0" >
6
7    <uses-sdk
8        android:minSdkVersion="23"
8-->src\main\AndroidManifest.xml
9        android:targetSdkVersion="29" />
9-->src\main\AndroidManifest.xml
10
11    <uses-feature
11-->src\main\AndroidManifest.xml:5:5-7:35
12        android:name="android.hardware.sensor.stepcounter"
12-->src\main\AndroidManifest.xml:6:9-59
13        android:required="true" />
13-->src\main\AndroidManifest.xml:7:9-32
14
15    <uses-permission android:name="android.permission.WAKE_LOCK" />
15-->src\main\AndroidManifest.xml:9:5-68
15-->src\main\AndroidManifest.xml:9:22-65
16    <uses-permission android:name="android.permission.CAMERA" />
16-->src\main\AndroidManifest.xml:10:5-65
16-->src\main\AndroidManifest.xml:10:22-62
17    <uses-permission android:name="android.permission.ACTIVITY_RECOGNITION" />
17-->src\main\AndroidManifest.xml:11:5-79
17-->src\main\AndroidManifest.xml:11:22-76
18    <uses-permission android:name="android.hardware.sensor.stepcounter" />
18-->src\main\AndroidManifest.xml:12:5-75
18-->src\main\AndroidManifest.xml:12:22-72
19    <uses-permission android:name="android.hardware.sensor.stepdetector" />
19-->src\main\AndroidManifest.xml:13:5-76
19-->src\main\AndroidManifest.xml:13:22-73
20    <uses-permission android:name="android.permission.WRITE_EXTERNAL_STORAGE" />
20-->src\main\AndroidManifest.xml:14:5-81
20-->src\main\AndroidManifest.xml:14:22-78
21    <uses-permission android:name="android.permission.READ_EXTERNAL_STORAGE" />
21-->src\main\AndroidManifest.xml:15:5-80
21-->src\main\AndroidManifest.xml:15:22-77
22
23    <uses-feature
23-->src\main\AndroidManifest.xml:17:5-19:35
24        android:name="android.hardware.camera"
24-->src\main\AndroidManifest.xml:18:9-47
25        android:required="true" />
25-->src\main\AndroidManifest.xml:19:9-32
26    <uses-feature
26-->src\main\AndroidManifest.xml:20:5-22:35
27        android:name="android.hardware.camera.flash"
27-->src\main\AndroidManifest.xml:21:9-53
28        android:required="true" />
28-->src\main\AndroidManifest.xml:22:9-32
29    <uses-feature android:name="android.hardware.camera.autofocus" />
29-->src\main\AndroidManifest.xml:23:5-70
29-->src\main\AndroidManifest.xml:23:19-67
30
31    <uses-permission android:name="android.permission.ACCESS_NETWORK_STATE" />
31-->[com.google.firebase:firebase-database:16.0.4] AndroidManifest.xml:22:5-79
31-->[com.google.firebase:firebase-database:16.0.4] AndroidManifest.xml:22:22-76
32    <uses-permission android:name="android.permission.INTERNET" />
32-->[com.google.firebase:firebase-database:16.0.4] AndroidManifest.xml:23:5-67
32-->[com.google.firebase:firebase-database:16.0.4] AndroidManifest.xml:23:22-64
33    <uses-permission android:name="android.permission.READ_PHONE_STATE" />
34
35    <application
35-->src\main\AndroidManifest.xml:25:5-72:19
36        android:allowBackup="true"
36-->src\main\AndroidManifest.xml:26:9-35
37        android:appComponentFactory="androidx.core.app.CoreComponentFactory"
37-->[androidx.core:core:1.5.0-alpha02] AndroidManifest.xml:24:18-86
38        android:debuggable="true"
39        android:icon="@mipmap/ic_launcher"
39-->src\main\AndroidManifest.xml:27:9-43
40        android:label="@string/app_name"
40-->src\main\AndroidManifest.xml:28:9-41
41        android:roundIcon="@mipmap/ic_launcher_round"
41-->src\main\AndroidManifest.xml:29:9-54
42        android:supportsRtl="true"
42-->src\main\AndroidManifest.xml:30:9-35
43        android:testOnly="true"
44        android:theme="@style/AppTheme" >
44-->src\main\AndroidManifest.xml:31:9-40
45        <activity android:name="com.npdevs.healthcastle.SplashScreen" >
45-->src\main\AndroidManifest.xml:32:9-38:20
45-->src\main\AndroidManifest.xml:32:19-47
46            <intent-filter>
46-->src\main\AndroidManifest.xml:33:13-37:29
47                <action android:name="android.intent.action.MAIN" />
47-->src\main\AndroidManifest.xml:34:17-69
47-->src\main\AndroidManifest.xml:34:25-66
48
49                <category android:name="android.intent.category.LAUNCHER" />
49-->src\main\AndroidManifest.xml:36:17-77
49-->src\main\AndroidManifest.xml:36:27-74
50            </intent-filter>
51        </activity>
52        <activity android:name="com.npdevs.healthcastle.EditProfile" />
52-->src\main\AndroidManifest.xml:39:9-49
52-->src\main\AndroidManifest.xml:39:19-46
53        <activity android:name="com.npdevs.healthcastle.AddNewExercise" />
53-->src\main\AndroidManifest.xml:40:9-52
53-->src\main\AndroidManifest.xml:40:19-49
54        <activity android:name="com.npdevs.healthcastle.AddNewFood" />
54-->src\main\AndroidManifest.xml:41:9-48
54-->src\main\AndroidManifest.xml:41:19-45
55        <activity android:name="com.npdevs.healthcastle.CheckSafeSearch" />
55-->src\main\AndroidManifest.xml:42:9-53
55-->src\main\AndroidManifest.xml:42:19-50
56        <activity android:name="com.npdevs.healthcastle.AddFoodSearch" />
56-->src\main\AndroidManifest.xml:43:9-51
56-->src\main\AndroidManifest.xml:43:19-48
57        <activity android:name="com.npdevs.healthcastle.AddFood" />
57-->src\main\AndroidManifest.xml:44:9-45
57-->src\main\AndroidManifest.xml:44:19-42
58        <activity android:name="com.npdevs.healthcastle.AddExerciseSearch" />
58-->src\main\AndroidManifest.xml:45:9-55
58-->src\main\AndroidManifest.xml:45:19-52
59        <activity android:name="com.npdevs.healthcastle.AddExercise" />
59-->src\main\AndroidManifest.xml:46:9-49
59-->src\main\AndroidManifest.xml:46:19-46
60        <activity android:name="com.npdevs.healthcastle.About" />
60-->src\main\AndroidManifest.xml:47:9-43
60-->src\main\AndroidManifest.xml:47:19-40
61        <activity android:name="com.npdevs.healthcastle.CheckSafe" />
61-->src\main\AndroidManifest.xml:48:9-47
61-->src\main\AndroidManifest.xml:48:19-44
62        <activity android:name="com.npdevs.healthcastle.FrontActivity" />
62-->src\main\AndroidManifest.xml:49:9-51
62-->src\main\AndroidManifest.xml:49:19-48
63        <activity android:name="com.npdevs.healthcastle.FrontActivity2" />
63-->src\main\AndroidManifest.xml:50:9-52
63-->src\main\AndroidManifest.xml:50:19-49
64        <activity android:name="com.npdevs.healthcastle.SignUp" />
64-->src\main\AndroidManifest.xml:51:9-44
64-->src\main\AndroidManifest.xml:51:19-41
65        <activity android:name="com.npdevs.healthcastle.MainActivity" />
65-->src\main\AndroidManifest.xml:52:9-49
65-->src\main\AndroidManifest.xml:52:19-47
66        <activity android:name="com.npdevs.healthcastle.ProfileActivity" />
66-->src\main\AndroidManifest.xml:53:9-52
66-->src\main\AndroidManifest.xml:53:19-50
67        <activity android:name="com.npdevs.healthcastle.ResPwdActivity" />
67-->src\main\AndroidManifest.xml:54:9-51
67-->src\main\AndroidManifest.xml:54:19-49
68        <activity android:name="com.npdevs.healthcastle.RegistActivity" />
68-->src\main\AndroidManifest.xml:55:9-51
68-->src\main\AndroidManifest.xml:55:19-49
69        <activity android:name="com.npdevs.healthcastle.TakePhoto" />
69-->src\main\AndroidManifest.xml:56:9-46
69-->src\main\AndroidManifest.xml:56:19-44
70        <activity android:name="com.npdevs.healthcastle.LoginActivity" />
70-->src\main\AndroidManifest.xml:57:9-50
70-->src\main\AndroidManifest.xml:57:19-48
71        <activity android:name="com.npdevs.healthcastle.AddPictureFood" >
71-->src\main\AndroidManifest.xml:58:9-60:20
71-->src\main\AndroidManifest.xml:58:19-49
72        </activity>
73
74        <provider
74-->src\main\AndroidManifest.xml:62:9-70:20
75            android:name="androidx.core.content.FileProvider"
75-->src\main\AndroidManifest.xml:63:13-62
76            android:authorities="com.npdevs.healthcastle.fileprovider"
76-->src\main\AndroidManifest.xml:64:13-71
77            android:exported="false"
77-->src\main\AndroidManifest.xml:65:13-37
78            android:grantUriPermissions="true" >
78-->src\main\AndroidManifest.xml:66:13-47
79            <meta-data
79-->src\main\AndroidManifest.xml:67:13-69:64
80                android:name="android.support.FILE_PROVIDER_PATHS"
80-->src\main\AndroidManifest.xml:68:17-67
81                android:resource="@xml/file_paths" />
81-->src\main\AndroidManifest.xml:69:17-51
82        </provider>
83
84        <activity
84-->[com.google.firebase:firebase-auth:16.0.5] AndroidManifest.xml:24:9-31:50
85            android:name="com.google.firebase.auth.internal.FederatedSignInActivity"
85-->[com.google.firebase:firebase-auth:16.0.5] AndroidManifest.xml:25:13-85
86            android:excludeFromRecents="true"
86-->[com.google.firebase:firebase-auth:16.0.5] AndroidManifest.xml:26:13-46
87            android:exported="true"
87-->[com.google.firebase:firebase-auth:16.0.5] AndroidManifest.xml:27:13-36
88            android:launchMode="singleTask"
88-->[com.google.firebase:firebase-auth:16.0.5] AndroidManifest.xml:28:13-44
89            android:permission="com.google.firebase.auth.api.gms.permission.LAUNCH_FEDERATED_SIGN_IN"
89-->[com.google.firebase:firebase-auth:16.0.5] AndroidManifest.xml:29:13-102
90            android:theme="@android:style/Theme.Translucent.NoTitleBar" />
90-->[com.google.firebase:firebase-auth:16.0.5] AndroidManifest.xml:30:13-72
91
92        <service
92-->[com.google.firebase:firebase-auth:16.0.5] AndroidManifest.xml:33:9-39:19
93            android:name="com.google.firebase.components.ComponentDiscoveryService"
93-->[com.google.firebase:firebase-auth:16.0.5] AndroidManifest.xml:34:13-84
94            android:exported="false" >
94-->[com.google.firebase:firebase-auth:16.0.5] AndroidManifest.xml:35:13-37
95            <meta-data
95-->[com.google.firebase:firebase-auth:16.0.5] AndroidManifest.xml:36:13-38:85
96                android:name="com.google.firebase.components:com.google.firebase.auth.FirebaseAuthRegistrar"
96-->[com.google.firebase:firebase-auth:16.0.5] AndroidManifest.xml:37:17-109
97                android:value="com.google.firebase.components.ComponentRegistrar" />
97-->[com.google.firebase:firebase-auth:16.0.5] AndroidManifest.xml:38:17-82
98        </service>
99
100        <activity
100-->[com.google.android.gms:play-services-base:16.0.1] AndroidManifest.xml:23:9-26:75
101            android:name="com.google.android.gms.common.api.GoogleApiActivity"
101-->[com.google.android.gms:play-services-base:16.0.1] AndroidManifest.xml:24:13-79
102            android:exported="false"
102-->[com.google.android.gms:play-services-base:16.0.1] AndroidManifest.xml:25:13-37
103            android:theme="@android:style/Theme.Translucent.NoTitleBar" />
103-->[com.google.android.gms:play-services-base:16.0.1] AndroidManifest.xml:26:13-72
104
105        <provider
105-->[com.google.firebase:firebase-common:16.0.3] AndroidManifest.xml:10:9-14:39
106            android:name="com.google.firebase.provider.FirebaseInitProvider"
106-->[com.google.firebase:firebase-common:16.0.3] AndroidManifest.xml:11:13-77
107            android:authorities="com.npdevs.healthcastle.firebaseinitprovider"
107-->[com.google.firebase:firebase-common:16.0.3] AndroidManifest.xml:12:13-72
108            android:exported="false"
108-->[com.google.firebase:firebase-common:16.0.3] AndroidManifest.xml:13:13-37
109            android:initOrder="100" />
109-->[com.google.firebase:firebase-common:16.0.3] AndroidManifest.xml:14:13-36
110
111        <meta-data
111-->[com.google.android.gms:play-services-basement:16.1.0] AndroidManifest.xml:23:9-25:69
112            android:name="com.google.android.gms.version"
112-->[com.google.android.gms:play-services-basement:16.1.0] AndroidManifest.xml:24:13-58
113            android:value="@integer/google_play_services_version" />
113-->[com.google.android.gms:play-services-basement:16.1.0] AndroidManifest.xml:25:13-66
114    </application>
115
116</manifest>